<?xml version="1.0" encoding="UTF-8"?>
<!-- Generated by org.testng.reporters.JUnitXMLReporter -->
<testsuite hostname="DESKTOP-DRUE99P" ignored="0" name="Test" tests="14" failures="1" timestamp="23 May 2019 01:38:06 GMT" time="23.451" errors="0">
  <testcase name="@AfterClass afterClass" time="0.001" classname="testNG.Anatation">
    <failure type="java.lang.Error" message="Unresolved compilation problem: 
	The method printl(String) is undefined for the type PrintStream
">
      <![CDATA[java.lang.Error: Unresolved compilation problem: 
The method printl(String) is undefined for the type PrintStream

at testNG.Anatation.afterClass(Anatation.java:19)
... Removed 26 stack frames]]>
    </failure>
  </testcase> <!-- @AfterClass afterClass -->
  <testcase name="f" time="0.015" classname="testNG.AnatationSample2"/>
  <testcase name="scenario1" time="0.006" classname="testNG.AnatationSample3"/>
  <testcase name="scenario2" time="0.003" classname="testNG.AnatationSample3"/>
  <testcase name="scenario3" time="0.002" classname="testNG.AnatationSample3"/>
  <testcase name="f" time="0.002" classname="testNG.AnnatationsSample"/>
  <testcase name="next" time="0.003" classname="testNG.AnnatationsSample">
    <failure type="java.lang.Error" message="Unresolved compilation problem: 
	String literal is not properly closed by a double-quote
">
      <![CDATA[java.lang.Error: Unresolved compilation problem: 
String literal is not properly closed by a double-quote

at testNG.AnnatationsSample.next(AnnatationsSample.java:16)
... Removed 25 stack frames]]>
    </failure>
  </testcase> <!-- next -->
  <testcase name="rest" time="0.003" classname="testNG.AnnatationsSample"/>
  <testcase name="test" time="0.004" classname="testNG.AnnatationsSample"/>
  <testcase name="best" time="0.002" classname="testNG.Priority_TestNG"/>
  <testcase name="zest" time="0.002" classname="testNG.Priority_TestNG"/>
  <testcase name="b" time="0.005" classname="testNG.Anatation"/>
  <testcase name="f" time="0.002" classname="testNG.Anatation"/>
  <testcase name="f" time="0.003" classname="testNG.Anatation_Sample1"/>
  <testcase name="fblogin" time="23.263" classname="testNG.FaceBookLogin"/>
</testsuite> <!-- Test -->
